<?xml version="1.0" encoding="UTF-8"?>
<!-- Generated by org.testng.reporters.JUnitReportReporter -->
<testsuite skipped="0" hostname="LP-71VDTS1" name="pom.mercury.tours.Mercury_SignOn_TestNGClass" tests="1" failures="0" timestamp="23 Dec 2019 11:09:31 GMT" time="53.335" errors="0">
  <testcase name="Sign_On" time="53.335" classname="pom.mercury.tours.Mercury_SignOn_TestNGClass"/>
</testsuite> <!-- pom.mercury.tours.Mercury_SignOn_TestNGClass -->
