<?xml version="1.0" encoding="UTF-8"?>
<!-- Generated by org.testng.reporters.JUnitReportReporter -->
<testsuite skipped="0" hostname="LP-71VDTS1" name="pom.mercury.tours.SignOn_getText_Ex" tests="1" failures="0" timestamp="24 Dec 2019 05:11:51 GMT" time="18.124" errors="0">
  <testcase name="Sign_On" time="18.124" classname="pom.mercury.tours.SignOn_getText_Ex"/>
</testsuite> <!-- pom.mercury.tours.SignOn_getText_Ex -->
