<?xml version="1.0" encoding="UTF-8"?>
<!-- Generated by org.testng.reporters.JUnitReportReporter -->
<testsuite skipped="0" hostname="LP-71VDTS1" name="pom.mercury.tours.Flight_Login_DataProvider" tests="3" failures="0" timestamp="25 Dec 2019 05:57:16 GMT" time="86.877" errors="0">
  <testcase name="Sign_On" time="29.756" classname="pom.mercury.tours.Flight_Login_DataProvider"/>
  <testcase name="Sign_On" time="20.433" classname="pom.mercury.tours.Flight_Login_DataProvider"/>
  <testcase name="Sign_On" time="36.688" classname="pom.mercury.tours.Flight_Login_DataProvider"/>
</testsuite> <!-- pom.mercury.tours.Flight_Login_DataProvider -->
