<?xml version="1.0" encoding="UTF-8"?>
<!-- Generated by org.testng.reporters.JUnitReportReporter -->
<testsuite skipped="0" hostname="LP-71VDTS1" name="pom.mercury.tours.NetBanking_Handl_WindwAlert" tests="1" failures="0" timestamp="25 Dec 2019 10:59:02 GMT" time="2.477" errors="0">
  <testcase name="Sign_On" time="2.477" classname="pom.mercury.tours.NetBanking_Handl_WindwAlert"/>
</testsuite> <!-- pom.mercury.tours.NetBanking_Handl_WindwAlert -->
