<?xml version="1.0" encoding="UTF-8"?>
<!-- Generated by org.testng.reporters.JUnitReportReporter -->
<testsuite skipped="0" hostname="LP-71VDTS1" name="pom.mercury.tours.RadioButton_Ex" tests="1" failures="0" timestamp="24 Dec 2019 06:17:41 GMT" time="25.647" errors="0">
  <testcase name="Sign_On" time="25.647" classname="pom.mercury.tours.RadioButton_Ex"/>
</testsuite> <!-- pom.mercury.tours.RadioButton_Ex -->
