<?xml version="1.0" encoding="UTF-8"?>
<!-- Generated by org.testng.reporters.JUnitReportReporter -->
<testsuite skipped="0" hostname="LP-71VDTS1" name="pom.mercury.tours.Parameter_SignOn" tests="3" failures="0" timestamp="25 Dec 2019 07:04:33 GMT" time="167.036" errors="0">
  <testcase name="Sign_On" time="101.160" classname="pom.mercury.tours.Parameter_SignOn"/>
  <testcase name="Sign_On" time="5.776" classname="pom.mercury.tours.Parameter_SignOn"/>
  <testcase name="Sign_On" time="60.100" classname="pom.mercury.tours.Parameter_SignOn"/>
</testsuite> <!-- pom.mercury.tours.Parameter_SignOn -->
