<?xml version="1.0" encoding="UTF-8"?>
<!-- Generated by org.testng.reporters.JUnitReportReporter -->
<testsuite skipped="0" hostname="LP-71VDTS1" name="pom.mercury.tours.DragAndDrop" tests="1" failures="0" timestamp="25 Dec 2019 10:59:02 GMT" time="0.400" errors="0">
  <testcase name="Sign_On" time="0.400" classname="pom.mercury.tours.DragAndDrop"/>
</testsuite> <!-- pom.mercury.tours.DragAndDrop -->
