<?xml version="1.0" encoding="UTF-8"?>
<!-- Generated by org.testng.reporters.JUnitReportReporter -->
<testsuite skipped="0" hostname="LP-71VDTS1" name="pom.mercury.tours.Incognito" tests="1" failures="0" timestamp="26 Dec 2019 05:14:56 GMT" time="48.909" errors="0">
  <testcase name="PhantomJS" time="48.909" classname="pom.mercury.tours.Incognito"/>
</testsuite> <!-- pom.mercury.tours.Incognito -->
