<?xml version="1.0" encoding="UTF-8"?>
<!-- Generated by org.testng.reporters.JUnitReportReporter -->
<testsuite skipped="0" hostname="LP-71VDTS1" name="pom.mercury.tours.NetBankingAssign1" tests="1" failures="0" timestamp="24 Dec 2019 07:38:56 GMT" time="0.462" errors="0">
  <testcase name="Sign_On" time="0.462" classname="pom.mercury.tours.NetBankingAssign1"/>
</testsuite> <!-- pom.mercury.tours.NetBankingAssign1 -->
