<?xml version="1.0" encoding="UTF-8"?>
<!-- Generated by org.testng.reporters.JUnitReportReporter -->
<testsuite skipped="0" hostname="LP-71VDTS1" name="pom.mercury.tours.Following_Preceding_Sibling_xpath" tests="1" failures="0" timestamp="24 Dec 2019 09:22:16 GMT" time="10.232" errors="0">
  <testcase name="Sign_On" time="10.232" classname="pom.mercury.tours.Following_Preceding_Sibling_xpath"/>
</testsuite> <!-- pom.mercury.tours.Following_Preceding_Sibling_xpath -->
